<?xml version="1.0" encoding="UTF-8"?>
<!-- Generated by org.testng.reporters.JUnitReportReporter -->
<testsuite hostname="DESKTOP-S2JNG44" failures="0" tests="1" name="amfam.qa.test.car.CarTest" time="41.792" errors="0" timestamp="2022-05-06T21:20:17 MDT" skipped="0">
  <testcase classname="amfam.qa.test.car.CarTest" name="carTest" time="41.792"/>
  <system-out>
    <![CDATA[element is clicking[[ChromeDriver: chrome on WINDOWS (457650c7726d4a438ce9a473227a7a76)] -> xpath: (//button[@class='LeadRouting__select a'])[1]]<br>
11416 :we passed this value[[ChromeDriver: chrome on WINDOWS (457650c7726d4a438ce9a473227a7a76)] -> id: uid_54]<br>
element is clickingProxy element for: DefaultElementLocator 'By.xpath: (//span[@class='LoadingButton__content'])[1]'<br>
element is clickingProxy element for: DefaultElementLocator 'By.xpath: //span[text()='Get a Quote']'<br>
11416 :we passed this value[[ChromeDriver: chrome on WINDOWS (457650c7726d4a438ce9a473227a7a76)] -> xpath: //input[@id='uid_34']]<br>
element is clicking[[ChromeDriver: chrome on WINDOWS (457650c7726d4a438ce9a473227a7a76)] -> xpath: (//button[@type='submit'])[1]]<br>]]>
  </system-out>
</testsuite> <!-- amfam.qa.test.car.CarTest -->
